This is pdfTeX, Version 3.14159265-2.6-1.40.18 (MiKTeX 2.9.6350 64-bit) (preloaded format=latex 2017.8.21)  12 OCT 2017 16:21
entering extended mode
**./AgeArea.tex
(AgeArea.tex
LaTeX2e <2017-04-15>
Babel <3.10> and hyphenation patterns for 75 language(s) loaded.
("C:\Program Files\MiKTeX 2.9\tex\latex\base\article.cls"
Document Class: article 2014/09/29 v1.4h Standard LaTeX document class
("C:\Program Files\MiKTeX 2.9\tex\latex\base\size11.clo"
File: size11.clo 2014/09/29 v1.4h Standard LaTeX file (size option)
)
\c@part=\count79
\c@section=\count80
\c@subsection=\count81
\c@subsubsection=\count82
\c@paragraph=\count83
\c@subparagraph=\count84
\c@figure=\count85
\c@table=\count86
\abovecaptionskip=\skip41
\belowcaptionskip=\skip42
\bibindent=\dimen102
)
("C:\Program Files\MiKTeX 2.9\tex\latex\amsfonts\amssymb.sty"
Package: amssymb 2013/01/14 v3.01 AMS font symbols

("C:\Program Files\MiKTeX 2.9\tex\latex\amsfonts\amsfonts.sty"
Package: amsfonts 2013/01/14 v3.01 Basic AMSFonts support
\@emptytoks=\toks14
\symAMSa=\mathgroup4
\symAMSb=\mathgroup5
LaTeX Font Info:    Overwriting math alphabet `\mathfrak' in version `bold'
(Font)                  U/euf/m/n --> U/euf/b/n on input line 106.
))
("C:\Program Files\MiKTeX 2.9\tex\latex\amsmath\amsmath.sty"
Package: amsmath 2016/11/05 v2.16a AMS math features
\@mathmargin=\skip43

For additional information on amsmath, use the `?' option.
("C:\Program Files\MiKTeX 2.9\tex\latex\amsmath\amstext.sty"
Package: amstext 2000/06/29 v2.01 AMS text

("C:\Program Files\MiKTeX 2.9\tex\latex\amsmath\amsgen.sty"
File: amsgen.sty 1999/11/30 v2.0 generic functions
\@emptytoks=\toks15
\ex@=\dimen103
))
("C:\Program Files\MiKTeX 2.9\tex\latex\amsmath\amsbsy.sty"
Package: amsbsy 1999/11/29 v1.2d Bold Symbols
\pmbraise@=\dimen104
)
("C:\Program Files\MiKTeX 2.9\tex\latex\amsmath\amsopn.sty"
Package: amsopn 2016/03/08 v2.02 operator names
)
\inf@bad=\count87
LaTeX Info: Redefining \frac on input line 213.
\uproot@=\count88
\leftroot@=\count89
LaTeX Info: Redefining \overline on input line 375.
\classnum@=\count90
\DOTSCASE@=\count91
LaTeX Info: Redefining \ldots on input line 472.
LaTeX Info: Redefining \dots on input line 475.
LaTeX Info: Redefining \cdots on input line 596.
\Mathstrutbox@=\box26
\strutbox@=\box27
\big@size=\dimen105
LaTeX Font Info:    Redeclaring font encoding OML on input line 712.
LaTeX Font Info:    Redeclaring font encoding OMS on input line 713.
\macc@depth=\count92
\c@MaxMatrixCols=\count93
\dotsspace@=\muskip10
\c@parentequation=\count94
\dspbrk@lvl=\count95
\tag@help=\toks16
\row@=\count96
\column@=\count97
\maxfields@=\count98
\andhelp@=\toks17
\eqnshift@=\dimen106
\alignsep@=\dimen107
\tagshift@=\dimen108
\tagwidth@=\dimen109
\totwidth@=\dimen110
\lineht@=\dimen111
\@envbody=\toks18
\multlinegap=\skip44
\multlinetaggap=\skip45
\mathdisplay@stack=\toks19
LaTeX Info: Redefining \[ on input line 2817.
LaTeX Info: Redefining \] on input line 2818.
)
("C:\Program Files\MiKTeX 2.9\tex\latex\pstricks\pst-all.sty"
Package: pst-all 2008/01/01 the main pstricks tools

("C:\Program Files\MiKTeX 2.9\tex\latex\pstricks\pstricks.sty"
Package: pstricks 2017/03/17 v0.63 LaTeX wrapper for `PSTricks' (RN,HV)

("C:\Program Files\MiKTeX 2.9\tex\latex\xcolor\xcolor.sty"
Package: xcolor 2016/05/11 v2.12 LaTeX color extensions (UK)

("C:\Program Files\MiKTeX 2.9\tex\latex\graphics-cfg\color.cfg"
File: color.cfg 2016/01/02 v1.6 sample color configuration
)
Package xcolor Info: Driver file: dvips.def on input line 225.

("C:\Program Files\MiKTeX 2.9\tex\latex\graphics-def\dvips.def"
File: dvips.def 2016/07/10 v3.1a Driver-dependent file (DPC,SPQR)
)
Package xcolor Info: Model `cmy' substituted by `cmy0' on input line 1348.
Package xcolor Info: Model `RGB' extended on input line 1364.
Package xcolor Info: Model `HTML' substituted by `rgb' on input line 1366.
Package xcolor Info: Model `Hsb' substituted by `hsb' on input line 1367.
Package xcolor Info: Model `tHsb' substituted by `hsb' on input line 1368.
Package xcolor Info: Model `HSB' substituted by `hsb' on input line 1369.
Package xcolor Info: Model `Gray' substituted by `gray' on input line 1370.
Package xcolor Info: Model `wave' substituted by `hsb' on input line 1371.
)
("C:\Program Files\MiKTeX 2.9\tex\generic\pstricks\pstricks.tex"
("C:\Program Files\MiKTeX 2.9\tex\generic\xkeyval\pst-xkey.tex"
File: pst-xkey.tex 2005/11/25 v1.6 PSTricks specialization of xkeyval (HA)

("C:\Program Files\MiKTeX 2.9\tex\latex\xkeyval\xkeyval.sty"
Package: xkeyval 2014/12/03 v2.7a package option processing (HA)

("C:\Program Files\MiKTeX 2.9\tex\generic\xkeyval\xkeyval.tex"
("C:\Program Files\MiKTeX 2.9\tex\generic\xkeyval\xkvutils.tex"
\XKV@toks=\toks20
\XKV@tempa@toks=\toks21

("C:\Program Files\MiKTeX 2.9\tex\generic\xkeyval\keyval.tex"))
\XKV@depth=\count99
File: xkeyval.tex 2014/12/03 v2.7a key=value parser (HA)
)))
("C:\Program Files\MiKTeX 2.9\tex\generic\pstricks\pst-fp.tex"
`pst-fp' v0.05, 2010/01/17 (hv)
\pstFP@xs=\count100
\pstFP@xia=\count101
\pstFP@xib=\count102
\pstFP@xfa=\count103
\pstFP@xfb=\count104
\pstFP@rega=\count105
\pstFP@regb=\count106
\pstFP@regs=\count107
\pstFP@times=\count108
)
("C:\Program Files\MiKTeX 2.9\tex\generic\pgf\utilities\pgfutil-common.tex"
\pgfutil@everybye=\toks22
\pgfutil@tempdima=\dimen112
\pgfutil@tempdimb=\dimen113

("C:\Program Files\MiKTeX 2.9\tex\generic\pgf\utilities\pgfutil-common-lists.te
x")) ("C:\Program Files\MiKTeX 2.9\tex\generic\pgf\utilities\pgfkeys.code.tex"
\pgfkeys@pathtoks=\toks23
\pgfkeys@temptoks=\toks24

("C:\Program Files\MiKTeX 2.9\tex\generic\pgf\utilities\pgfkeysfiltered.code.te
x"
\pgfkeys@tmptoks=\toks25
)) ("C:\Program Files\MiKTeX 2.9\tex\generic\pgf\utilities\pgffor.code.tex"
("C:\Program Files\MiKTeX 2.9\tex\generic\pgf\math\pgfmath.code.tex"
("C:\Program Files\MiKTeX 2.9\tex\generic\pgf\math\pgfmathcalc.code.tex"
("C:\Program Files\MiKTeX 2.9\tex\generic\pgf\math\pgfmathutil.code.tex"
\pgf@x=\dimen114
\pgf@xa=\dimen115
\pgf@xb=\dimen116
\pgf@xc=\dimen117
\pgf@y=\dimen118
\pgf@ya=\dimen119
\pgf@yb=\dimen120
\pgf@yc=\dimen121
\c@pgf@counta=\count109
\c@pgf@countb=\count110
\c@pgf@countc=\count111
\c@pgf@countd=\count112
\pgfutil@tempcnta=\count113
\pgfutil@tempcntb=\count114
)
("C:\Program Files\MiKTeX 2.9\tex\generic\pgf\math\pgfmathparser.code.tex"
\pgfmath@dimen=\dimen122
\pgfmath@count=\count115
\pgfmath@box=\box28
\pgfmath@toks=\toks26
\pgfmath@stack@operand=\toks27
\pgfmath@stack@operation=\toks28
)
("C:\Program Files\MiKTeX 2.9\tex\generic\pgf\math\pgfmathfunctions.code.tex"
("C:\Program Files\MiKTeX 2.9\tex\generic\pgf\math\pgfmathfunctions.basic.code.
tex")
("C:\Program Files\MiKTeX 2.9\tex\generic\pgf\math\pgfmathfunctions.trigonometr
ic.code.tex")
("C:\Program Files\MiKTeX 2.9\tex\generic\pgf\math\pgfmathfunctions.random.code
.tex")
("C:\Program Files\MiKTeX 2.9\tex\generic\pgf\math\pgfmathfunctions.comparison.
code.tex")
("C:\Program Files\MiKTeX 2.9\tex\generic\pgf\math\pgfmathfunctions.base.code.t
ex")
("C:\Program Files\MiKTeX 2.9\tex\generic\pgf\math\pgfmathfunctions.round.code.
tex")
("C:\Program Files\MiKTeX 2.9\tex\generic\pgf\math\pgfmathfunctions.misc.code.t
ex")
("C:\Program Files\MiKTeX 2.9\tex\generic\pgf\math\pgfmathfunctions.integerarit
hmetics.code.tex")))
("C:\Program Files\MiKTeX 2.9\tex\generic\pgf\math\pgfmathfloat.code.tex"
\c@pgfmathroundto@lastzeros=\count116
))
\pgffor@iter=\dimen123
\pgffor@skip=\dimen124
\pgffor@stack=\toks29
\pgffor@toks=\toks30
)
\psLoopIndex=\count117

`PSTricks' v2.73a  <2017/05/22> (tvz)
\pst@dima=\dimen125
\pst@dimb=\dimen126
\pst@dimc=\dimen127
\pst@dimd=\dimen128
\pst@dimg=\dimen129
\pst@dimh=\dimen130
\pst@dimm=\dimen131
\pst@dimn=\dimen132
\pst@dimo=\dimen133
\pst@dimp=\dimen134
\pst@hbox=\box29
\pst@ibox=\box30
\pst@boxg=\box31
\pst@cnta=\count118
\pst@cntb=\count119
\pst@cntc=\count120
\pst@cntd=\count121
\pst@cntg=\count122
\pst@cnth=\count123
\pst@cntm=\count124
\pst@cntn=\count125
\pst@cnto=\count126
\pst@cntp=\count127
\@zero=\count128
\pst@toks=\toks31
("C:\Program Files\MiKTeX 2.9\tex\generic\pstricks\pstricks.con")
\psunit=\dimen135
\psxunit=\dimen136
\psyunit=\dimen137
\pst@C@@rType=\count129
\pslinewidth=\dimen138
\psk@startLW=\dimen139
\psk@endLW=\dimen140
\pst@customdefs=\toks32
\pslinearc=\dimen141
\pst@symbolStep=\dimen142
\pst@symbolWidth=\dimen143
\pst@symbolLinewidth=\dimen144
\everypsbox=\toks33
\psframesep=\dimen145
\pslabelsep=\dimen146
\sh@wgridXunit=\dimen147
\sh@wgridYunit=\dimen148
\pst@shift=\dimen149
)
File: pstricks.tex 2017/05/22 v2.73a `PSTricks' (tvz,hv)

("C:\Program Files\MiKTeX 2.9\tex\generic\pstricks\pst-fp.tex")
File: pst-fp.tex 2017/05/22 v2.73a `PST-fp' (hv)
)
("C:\Program Files\MiKTeX 2.9\tex\latex\pst-plot\pst-plot.sty"
Package: pst-plot 2011/06/05 v1.00 LaTeX wrapper for `pst-plot' (HV)

("C:\Program Files\MiKTeX 2.9\tex\latex\xkeyval\pst-xkey.sty"
Package: pst-xkey 2005/11/25 v1.6 package wrapper for pst-xkey.tex (HA)
)
("C:\Program Files\MiKTeX 2.9\tex\latex\multido\multido.sty"
Package: multido 2004/05/17 package wrapper for PSTricks `multido.tex', (HV/RN)


("C:\Program Files\MiKTeX 2.9\tex\generic\multido\multido.tex"
 v1.42, 2010/05/14 <tvz>
\multido@count=\count130
\multidocount=\count131
\multido@stuff=\toks34
)
File: multido.tex 2010/05/14 v1.42 `multido' (tvz,hv)
)
Package: pst-plot 2011/04/13 package wrapper for pst-plot.tex (hv)

("C:\Program Files\MiKTeX 2.9\tex\generic\pst-plot\pst-plot.tex"
("C:\Program Files\MiKTeX 2.9\tex\generic\pst-tools\pst-tools.tex"
`PST-tools' v0.09, 2017/10/04 (hv))
("C:\Program Files\MiKTeX 2.9\tex\generic\pstricks-add\pstricks-add.tex"
("C:\Program Files\MiKTeX 2.9\tex\generic\pst-node\pst-node.tex"
 v1.39, 2017/01/20
\psrow=\count132
\pscol=\count133
\psmatrixcnt=\count134
\psrowsep=\skip46
\pscolsep=\skip47
\pst@args=\count135
\num@pts=\count136
\pst@argcnt=\count137
)
("C:\Program Files\MiKTeX 2.9\tex\generic\pst-arrow\pst-arrow.tex"
`pst-arrow' v0.01, 2016/09/01 (dr,hv)
\pshooklength=\dimen150
\pshookwidth=\dimen151
)
("C:\Program Files\MiKTeX 2.9\tex\generic\pst-3d\pst-3d.tex"
`PST-3d' v1.11, 2010/02/14 (tvz))
("C:\Program Files\MiKTeX 2.9\tex\generic\pst-math\pst-math.tex"
`pst-math' v0.63 , (CJ,hv)) `pstricks-add' v3.84, 2017/09/16 (dr,hv)
\psparallelogramsep=\dimen152
\pst@cntC=\count138
\chart@ColorIndex=\dimen153
\chart@ColorStep=\dimen154
\pst@chartHeight=\dimen155
\pst@chartStackDepth=\dimen156
\pst@chartStackWidth=\dimen157
\chart@Toggle=\count139
\psVectorCtr=\count140
)
 v1.84, 2017/08/31 (tvz,hv)
\pstRadUnit=\dimen158
\pstRadUnitInv=\dimen159
\pst@linecnt=\count141
\RCD@file=\read1
\psxlabelsep=\dimen160
\psylabelsep=\dimen161
\psk@subticksize=\dimen162
\pst@xticksizeA=\dimen163
\pst@xticksizeB=\dimen164
\pst@xticksizeC=\dimen165
\pst@yticksizeA=\dimen166
\pst@yticksizeB=\dimen167
\pst@yticksizeC=\dimen168
\@digitcounter=\count142
\psk@llx=\dimen169
\psk@lly=\dimen170
\psk@urx=\dimen171
\psk@ury=\dimen172
\pst@xunit=\dimen173
\pst@yunit=\dimen174
)
File: pst-plot.tex 2017/08/31 1.84 `pst-plot' (tvz,hv)
)
("C:\Program Files\MiKTeX 2.9\tex\latex\pst-node\pst-node.sty"
Package: pst-node 2012/09/18 v1.01 LaTeX wrapper for `pst-node' (HV)
Package: pst-node 2010/04/22 package wrapper for pst-node.tex

("C:\Program Files\MiKTeX 2.9\tex\generic\pst-node\pst-node.tex")
File: pst-node.tex 2017/08/31 1.84 `pst-node' (tvz,hv)
)
("C:\Program Files\MiKTeX 2.9\tex\latex\pst-tree\pst-tree.sty"
Package: pst-tree 2009/01/25 package wrapper for pst-tree.tex

("C:\Program Files\MiKTeX 2.9\tex\generic\pst-tree\pst-tree.tex"
 v1.13, 2017/02/18(tvz,dg,hv)
\pstree@rootbox=\box32
\pstree@box=\box33
\psnodecnt=\count143
\pstreelevel=\count144
\pstreecnt=\count145
\pstree@cnt=\count146
\pstree@stop=\count147
)
File: pst-tree.tex 2017/02/18 1.13 `pst-tree' (tvz,hv)
)
("C:\Program Files\MiKTeX 2.9\tex\latex\pst-grad\pst-grad.sty"
Package: pst-grad 2004/07/15 package wrapper for pst-grad.tex (hv)

("C:\Program Files\MiKTeX 2.9\tex\generic\pst-grad\pst-grad.tex"
`pst-grad' v1.06, 2006/11/27 (tvz,dg,hv))
File: pst-grad.tex 2006/11/27 1.06 `pst-grad' (tvz)
)
("C:\Program Files\MiKTeX 2.9\tex\latex\pst-coil\pst-coil.sty"
Package: pst-coil 2010/02/01 package wrapper for pst-coil.tex (hv)

("C:\Program Files\MiKTeX 2.9\tex\generic\pst-coil\pst-coil.tex"
 v1.06, 2006/11/27
("C:\Program Files\MiKTeX 2.9\tex\generic\pst-node\pst-node.tex"))
File: pst-coil.tex 2015/05/13 v1.07 `PST-coil' (tvz,hv)
)
("C:\Program Files\MiKTeX 2.9\tex\latex\pst-text\pst-text.sty"
Package: pst-text 2006/01/01 package wrapper for pst-text.tex (hv)

("C:\Program Files\MiKTeX 2.9\tex\generic\pst-text\pst-text.tex"
 v1.00, 2006/11/05(tvz,hv))
File: pst-text.tex 2006/11/05 1.00 `pst-text' (tvz)
)
("C:\Program Files\MiKTeX 2.9\tex\latex\pst-3d\pst-3d.sty"
Package: pst-3d 2009/07/28 package wrapper for pst-3d.tex (hv)

("C:\Program Files\MiKTeX 2.9\tex\generic\pst-3d\pst-3d.tex")
File: pst-3d.tex 2006/11/05 v1.00 `PST-3d' (hv)
)
("C:\Program Files\MiKTeX 2.9\tex\latex\pst-eps\pst-eps.sty"
Package: pst-eps 2005/05/20 package wrapper for pst-eps.tex (hv)

("C:\Program Files\MiKTeX 2.9\tex\generic\pst-eps\pst-eps.tex"
 v1.00, 2006/11/04
\pst@epsout=\write3
\pst@tempout=\write4
)
File: pst-eps.tex 2006/11/04 1.00 `pst-eps' (tvz)
)
("C:\Program Files\MiKTeX 2.9\tex\latex\pst-fill\pst-fill.sty"
Package: pst-fill 2005/09/13 package wrapper for pst-fill.tex (hv)

("C:\Program Files\MiKTeX 2.9\tex\generic\pst-fill\pst-fill.tex"
`PST-Fill' v1.01, 2007/03/10 (tvz,dg,hv)
\pst@fillbox=\box34
)
File: pst-fill.tex 2007/03/10 v1.01 `PST-fill' (tvz,dg)
)
("C:\Program Files\MiKTeX 2.9\tex\latex\pstricks-add\pstricks-add.sty"
("C:\Program Files\MiKTeX 2.9\tex\latex\pst-math\pst-math.sty"
Package: pst-math 2014/07/30 package wrapper for PSTricks pst-math.tex

("C:\Program Files\MiKTeX 2.9\tex\generic\pst-math\pst-math.tex")
File: pst-math.tex 2007/03/10 v1.01 `PST-math' (hv)
)
Package: pstricks-add 2010/02/11 v. 0.14 package wrapper for pstricks-add.tex (
hv)

("C:\Program Files\MiKTeX 2.9\tex\generic\pstricks-add\pstricks-add.tex")
File: pstricks-add.tex 2007/03/10 v1.01 `PSTricks-add' (hv)
))
(newicktree.sty
Package: newicktree 2004/02/22
) ("C:\Program Files\MiKTeX 2.9\tex\latex\graphics\graphicx.sty"
Package: graphicx 2014/10/28 v1.0g Enhanced LaTeX Graphics (DPC,SPQR)
("C:\Program Files\MiKTeX 2.9\tex\latex\graphics\graphics.sty"
Package: graphics 2017/04/14 v1.1b Standard LaTeX Graphics (DPC,SPQR)

("C:\Program Files\MiKTeX 2.9\tex\latex\graphics\trig.sty"
Package: trig 2016/01/03 v1.10 sin cos tan (DPC)
)
("C:\Program Files\MiKTeX 2.9\tex\latex\graphics-cfg\graphics.cfg"
File: graphics.cfg 2016/06/04 v1.11 sample graphics configuration
)
Package graphics Info: Driver file: dvips.def on input line 99.
)
\Gin@req@height=\dimen175
\Gin@req@width=\dimen176
)
("C:\Program Files\MiKTeX 2.9\tex\latex\setspace\setspace.sty"
Package: setspace 2011/12/19 v6.7a set line spacing
)
("C:\Program Files\MiKTeX 2.9\tex\latex\geometry\geometry.sty"
Package: geometry 2010/09/12 v5.6 Page Geometry

("C:\Program Files\MiKTeX 2.9\tex\generic\oberdiek\ifpdf.sty"
Package: ifpdf 2017/03/15 v3.2 Provides the ifpdf switch
)
("C:\Program Files\MiKTeX 2.9\tex\generic\oberdiek\ifvtex.sty"
Package: ifvtex 2016/05/16 v1.6 Detect VTeX and its facilities (HO)
Package ifvtex Info: VTeX not detected.
)
("C:\Program Files\MiKTeX 2.9\tex\generic\ifxetex\ifxetex.sty"
Package: ifxetex 2010/09/12 v0.6 Provides ifxetex conditional
)
\Gm@cnth=\count148
\Gm@cntv=\count149
\c@Gm@tempcnt=\count150
\Gm@bindingoffset=\dimen177
\Gm@wd@mp=\dimen178
\Gm@odd@mp=\dimen179
\Gm@even@mp=\dimen180
\Gm@layoutwidth=\dimen181
\Gm@layoutheight=\dimen182
\Gm@layouthoffset=\dimen183
\Gm@layoutvoffset=\dimen184
\Gm@dimlist=\toks35

("C:\Program Files\MiKTeX 2.9\tex\latex\geometry\geometry.cfg")) (AgeArea.aux

LaTeX Warning: Label `e2' multiply defined.

)
\openout1 = `AgeArea.aux'.

LaTeX Font Info:    Checking defaults for OML/cmm/m/it on input line 13.
LaTeX Font Info:    ... okay on input line 13.
LaTeX Font Info:    Checking defaults for T1/cmr/m/n on input line 13.
LaTeX Font Info:    ... okay on input line 13.
LaTeX Font Info:    Checking defaults for OT1/cmr/m/n on input line 13.
LaTeX Font Info:    ... okay on input line 13.
LaTeX Font Info:    Checking defaults for OMS/cmsy/m/n on input line 13.
LaTeX Font Info:    ... okay on input line 13.
LaTeX Font Info:    Checking defaults for OMX/cmex/m/n on input line 13.
LaTeX Font Info:    ... okay on input line 13.
LaTeX Font Info:    Checking defaults for U/cmr/m/n on input line 13.
LaTeX Font Info:    ... okay on input line 13.

*geometry* driver: auto-detecting
*geometry* detected driver: dvips
*geometry* verbose mode - [ preamble ] result:
* driver: dvips
* paper: <default>
* layout: <same size as paper>
* layoutoffset:(h,v)=(0.0pt,0.0pt)
* modes: 
* h-part:(L,W,R)=(72.26999pt, 469.75502pt, 72.26999pt)
* v-part:(T,H,B)=(72.26999pt, 650.43001pt, 72.26999pt)
* \paperwidth=614.295pt
* \paperheight=794.96999pt
* \textwidth=469.75502pt
* \textheight=650.43001pt
* \oddsidemargin=0.0pt
* \evensidemargin=0.0pt
* \topmargin=-37.0pt
* \headheight=12.0pt
* \headsep=25.0pt
* \topskip=11.0pt
* \footskip=30.0pt
* \marginparwidth=59.0pt
* \marginparsep=10.0pt
* \columnsep=10.0pt
* \skip\footins=10.0pt plus 4.0pt minus 2.0pt
* \hoffset=0.0pt
* \voffset=0.0pt
* \mag=1000
* \@twocolumnfalse
* \@twosidefalse
* \@mparswitchfalse
* \@reversemarginfalse
* (1in=72.27pt=25.4mm, 1cm=28.453pt)

LaTeX Font Info:    Try loading font information for U+msa on input line 14.
("C:\Program Files\MiKTeX 2.9\tex\latex\amsfonts\umsa.fd"
File: umsa.fd 2013/01/14 v3.01 AMS symbols A
)
LaTeX Font Info:    Try loading font information for U+msb on input line 14.

("C:\Program Files\MiKTeX 2.9\tex\latex\amsfonts\umsb.fd"
File: umsb.fd 2013/01/14 v3.01 AMS symbols B
) [1

] [2]
File: simplePT.eps Graphic file (type eps)

<simplePT.eps>
File: simpleMR.eps Graphic file (type eps)
 <simpleMR.eps> [3] [4] [5] [6]
Overfull \hbox (8.46613pt too wide) in paragraph at lines 117--118
\OT1/cmr/m/n/10.95 that start with zero, $\OML/cmm/m/it/10.95 E \OT1/cmr/m/n/10
.95 = [0\OML/cmm/m/it/10.95 ; \OT1/cmr/m/n/10.95 0\OML/cmm/m/it/10.95 ; \OT1/cm
r/m/n/10.95 0\OML/cmm/m/it/10.95 ; \OT1/cmr/m/n/10.95 0\OML/cmm/m/it/10.95 ; \O
T1/cmr/m/n/10.95 0]$, and a con-tin-u-a-tion like-li-hood $\OML/cmm/m/it/10.95 
L \OT1/cmr/m/n/10.95 = [\OMS/cmsy/m/n/10.95  \OML/cmm/m/it/10.95 t[]; \OMS/cmsy
/m/n/10.95  \OML/cmm/m/it/10.95 t[]; \OMS/cmsy/m/n/10.95  \OML/cmm/m/it/10.95 t
[]; \OMS/cmsy/m/n/10.95  \OML/cmm/m/it/10.95 t[]; \OMS/cmsy/m/n/10.95  \OML/cmm
/m/it/10.95 t[]\OT1/cmr/m/n/10.95 ]$ 
 []

[7] [8] (AgeArea.aux)

LaTeX Warning: There were multiply-defined labels.

 ) 
Here is how much of TeX's memory you used:
 11588 strings out of 493324
 200434 string characters out of 3139086
 321710 words of memory out of 3000000
 14910 multiletter control sequences out of 15000+200000
 13542 words of font info for 52 fonts, out of 3000000 for 9000
 1141 hyphenation exceptions out of 8191
 44i,8n,68p,862b,344s stack positions out of 5000i,500n,10000p,200000b,50000s

Output written on AgeArea.dvi (8 pages, 19804 bytes).
